<?xml version="1.0" encoding="UTF-8"?>
<!-- Generated by org.testng.reporters.JUnitReportReporter -->
<testsuite hostname="IN-33GKF63" failures="0" tests="11" name="Tests.CommentsByOverview" time="9.746" errors="1" timestamp="2024-06-06T17:50:23 IST" skipped="10">
  <testcase classname="Tests.CommentsByOverview" name="TC_CO_10" time="0.000">
    <skipped/>
  </testcase> <!-- TC_CO_10 -->
  <system-out/>
  <testcase classname="Tests.CommentsByOverview" name="TC_CO_01" time="0.000">
    <skipped/>
  </testcase> <!-- TC_CO_01 -->
  <system-out/>
  <testcase classname="Tests.CommentsByOverview" name="TC_CO_08" time="0.000">
    <skipped/>
  </testcase> <!-- TC_CO_08 -->
  <system-out/>
  <testcase classname="Tests.CommentsByOverview" name="TC_CO_05" time="0.000">
    <skipped/>
  </testcase> <!-- TC_CO_05 -->
  <system-out/>
  <testcase classname="Tests.CommentsByOverview" name="setObject" time="9.746">
    <error message="Unable to find element with locator By.id: tab-4
For documentation on this error, please visit: https://www.selenium.dev/documentation/webdriver/troubleshooting/errors#no-such-element-exception
Build info: version: &#039;4.16.1&#039;, revision: &#039;9b4c83354e&#039;
System info: os.name: &#039;Windows 10&#039;, os.arch: &#039;amd64&#039;, os.version: &#039;10.0&#039;, java.version: &#039;17.0.4.1&#039;
Driver info: driver.version: RemoteWebDriver" type="org.openqa.selenium.NoSuchElementException">
      <![CDATA[org.openqa.selenium.NoSuchElementException: Unable to find element with locator By.id: tab-4
For documentation on this error, please visit: https://www.selenium.dev/documentation/webdriver/troubleshooting/errors#no-such-element-exception
Build info: version: '4.16.1', revision: '9b4c83354e'
System info: os.name: 'Windows 10', os.arch: 'amd64', os.version: '10.0', java.version: '17.0.4.1'
Driver info: driver.version: RemoteWebDriver
at org.openqa.selenium.remote.ElementLocation$ElementFinder$2.findElement(ElementLocation.java:168)
at org.openqa.selenium.remote.ElementLocation.findElement(ElementLocation.java:59)
at org.openqa.selenium.remote.RemoteWebDriver.findElement(RemoteWebDriver.java:360)
at org.openqa.selenium.remote.RemoteWebDriver.findElement(RemoteWebDriver.java:354)
at CommentsReport.Login.login(Login.java:22)
at Tests.CommentsByOverview.setObject(CommentsByOverview.java:27)
at java.base/jdk.internal.reflect.NativeMethodAccessorImpl.invoke0(Native Method)
at java.base/jdk.internal.reflect.NativeMethodAccessorImpl.invoke(NativeMethodAccessorImpl.java:77)
at java.base/jdk.internal.reflect.DelegatingMethodAccessorImpl.invoke(DelegatingMethodAccessorImpl.java:43)
at java.base/java.lang.reflect.Method.invoke(Method.java:568)
at org.testng.internal.MethodInvocationHelper.invokeMethod(MethodInvocationHelper.java:133)
at org.testng.internal.MethodInvocationHelper.invokeMethodConsideringTimeout(MethodInvocationHelper.java:62)
at org.testng.internal.ConfigInvoker.invokeConfigurationMethod(ConfigInvoker.java:385)
at org.testng.internal.ConfigInvoker.invokeConfigurations(ConfigInvoker.java:321)
at org.testng.internal.TestMethodWorker.invokeBeforeClassMethods(TestMethodWorker.java:176)
at org.testng.internal.TestMethodWorker.run(TestMethodWorker.java:122)
at java.base/java.util.ArrayList.forEach(ArrayList.java:1511)
at org.testng.TestRunner.privateRun(TestRunner.java:794)
at org.testng.TestRunner.run(TestRunner.java:596)
at org.testng.SuiteRunner.runTest(SuiteRunner.java:377)
at org.testng.SuiteRunner.runSequentially(SuiteRunner.java:371)
at org.testng.SuiteRunner.privateRun(SuiteRunner.java:332)
at org.testng.SuiteRunner.run(SuiteRunner.java:276)
at org.testng.SuiteRunnerWorker.runSuite(SuiteRunnerWorker.java:53)
at org.testng.SuiteRunnerWorker.run(SuiteRunnerWorker.java:96)
at org.testng.TestNG.runSuitesSequentially(TestNG.java:1212)
at org.testng.TestNG.runSuitesLocally(TestNG.java:1134)
at org.testng.TestNG.runSuites(TestNG.java:1063)
at org.testng.TestNG.run(TestNG.java:1031)
at org.testng.remote.AbstractRemoteTestNG.run(AbstractRemoteTestNG.java:115)
at org.testng.remote.RemoteTestNG.initAndRun(RemoteTestNG.java:251)
at org.testng.remote.RemoteTestNG.main(RemoteTestNG.java:77)
]]>
    </error>
  </testcase> <!-- setObject -->
  <system-out/>
  <testcase classname="Tests.CommentsByOverview" name="TC_CO_03" time="0.000">
    <skipped/>
  </testcase> <!-- TC_CO_03 -->
  <system-out/>
  <testcase classname="Tests.CommentsByOverview" name="TC_CO_06" time="0.000">
    <skipped/>
  </testcase> <!-- TC_CO_06 -->
  <system-out/>
  <testcase classname="Tests.CommentsByOverview" name="TC_CO_07" time="0.000">
    <skipped/>
  </testcase> <!-- TC_CO_07 -->
  <system-out/>
  <testcase classname="Tests.CommentsByOverview" name="TC_CO_09" time="0.000">
    <skipped/>
  </testcase> <!-- TC_CO_09 -->
  <system-out/>
  <testcase classname="Tests.CommentsByOverview" name="TC_CO_02" time="0.000">
    <skipped/>
  </testcase> <!-- TC_CO_02 -->
  <system-out/>
  <testcase classname="Tests.CommentsByOverview" name="TC_CO_04" time="0.000">
    <skipped/>
  </testcase> <!-- TC_CO_04 -->
  <system-out/>
</testsuite> <!-- Tests.CommentsByOverview -->
